INFO:training log:Latest checkpoint restored!!
INFO:training log:inference results for number of samples: 5
INFO:training log:KL distance for timestep 0: 2.5557596683502197
INFO:training log:KL distance normalized for timestep 0: 0.511151909828186
INFO:training log:KL distance for timestep 1: 3.567701578140259
INFO:training log:KL distance normalized for timestep 1: 0.7135403156280518
INFO:training log:KL distance for timestep 2: 2.9271795749664307
INFO:training log:KL distance normalized for timestep 2: 0.5854359269142151
INFO:training log:KL distance for timestep 3: 3.1041719913482666
INFO:training log:KL distance normalized for timestep 3: 0.6208344101905823
INFO:training log:<--------------------------------------------------------------------------------------------------------------------------------------------------------->
INFO:training log:inference results for number of samples: 25
INFO:training log:KL distance for timestep 0: 14.481892585754395
INFO:training log:KL distance normalized for timestep 0: 0.5792757272720337
INFO:training log:KL distance for timestep 1: 14.241235733032227
INFO:training log:KL distance normalized for timestep 1: 0.5696494579315186
INFO:training log:KL distance for timestep 2: 14.296907424926758
INFO:training log:KL distance normalized for timestep 2: 0.5718762874603271
INFO:training log:KL distance for timestep 3: 12.387290000915527
INFO:training log:KL distance normalized for timestep 3: 0.4954915940761566
INFO:training log:<--------------------------------------------------------------------------------------------------------------------------------------------------------->
INFO:training log:inference results for number of samples: 50
INFO:training log:KL distance for timestep 0: 26.52031898498535
INFO:training log:KL distance normalized for timestep 0: 0.5304063558578491
INFO:training log:KL distance for timestep 1: 35.74272155761719
INFO:training log:KL distance normalized for timestep 1: 0.7148544192314148
INFO:training log:KL distance for timestep 2: 38.491127014160156
INFO:training log:KL distance normalized for timestep 2: 0.7698225378990173
INFO:training log:KL distance for timestep 3: 44.59912872314453
INFO:training log:KL distance normalized for timestep 3: 0.8919825553894043
INFO:training log:<--------------------------------------------------------------------------------------------------------------------------------------------------------->
INFO:training log:inference results for number of samples: 100
INFO:training log:KL distance for timestep 0: 56.04939270019531
INFO:training log:KL distance normalized for timestep 0: 0.5604939460754395
INFO:training log:KL distance for timestep 1: 52.98728561401367
INFO:training log:KL distance normalized for timestep 1: 0.5298728346824646
INFO:training log:KL distance for timestep 2: 80.10667419433594
INFO:training log:KL distance normalized for timestep 2: 0.8010667562484741
INFO:training log:KL distance for timestep 3: 86.03619384765625
INFO:training log:KL distance normalized for timestep 3: 0.8603619337081909
INFO:training log:<--------------------------------------------------------------------------------------------------------------------------------------------------------->
INFO:training log:inference results for number of samples: 250
INFO:training log:KL distance for timestep 0: 138.94049072265625
INFO:training log:KL distance normalized for timestep 0: 0.5557619333267212
INFO:training log:KL distance for timestep 1: 160.2209930419922
INFO:training log:KL distance normalized for timestep 1: 0.6408839821815491
INFO:training log:KL distance for timestep 2: 217.340576171875
INFO:training log:KL distance normalized for timestep 2: 0.8693622946739197
INFO:training log:KL distance for timestep 3: 226.69775390625
INFO:training log:KL distance normalized for timestep 3: 0.9067910313606262
INFO:training log:<--------------------------------------------------------------------------------------------------------------------------------------------------------->
INFO:training log:inference results for number of samples: 500
INFO:training log:KL distance for timestep 0: 274.6696472167969
INFO:training log:KL distance normalized for timestep 0: 0.5493392944335938
INFO:training log:KL distance for timestep 1: 415.5943908691406
INFO:training log:KL distance normalized for timestep 1: 0.8311887979507446
INFO:training log:KL distance for timestep 2: 474.5195617675781
INFO:training log:KL distance normalized for timestep 2: 0.949039101600647
INFO:training log:KL distance for timestep 3: 362.5480041503906
INFO:training log:KL distance normalized for timestep 3: 0.7250959873199463
INFO:training log:<--------------------------------------------------------------------------------------------------------------------------------------------------------->
INFO:training log:inference results for number of samples: 1000
INFO:training log:KL distance for timestep 0: 546.8336181640625
INFO:training log:KL distance normalized for timestep 0: 0.5468336343765259
INFO:training log:KL distance for timestep 1: 985.5891723632812
INFO:training log:KL distance normalized for timestep 1: 0.9855891466140747
INFO:training log:KL distance for timestep 2: 1195.1456298828125
INFO:training log:KL distance normalized for timestep 2: 1.195145606994629
INFO:training log:KL distance for timestep 3: 1345.9320068359375
INFO:training log:KL distance normalized for timestep 3: 1.3459320068359375
INFO:training log:<--------------------------------------------------------------------------------------------------------------------------------------------------------->
